Fri Apr 19 18:56:25 AEST 2019 : Apache Derby Network Server - 10.10.2.0 - (1582446) started and ready to accept connections on port 1527
----------------------------------------------------------------
Fri Apr 19 18:56:25 AEST 2019:
Booting Derby version The Apache Software Foundation - Apache Derby - 10.10.2.0 - (1582446): instance a816c00e-016a-34cf-a63d-000047d562cc 
on database directory /Users/nathancarr/NetBeansProjects/isd-movies/database/MovieDB with class loader sun.misc.Launcher$AppClassLoader@6f94fa3e 
Loaded from file:/Applications/NetBeans/glassfish-4.1.1/javadb/lib/derby.jar
java.vendor=Oracle Corporation
java.runtime.version=1.8.0_171-b11
user.dir=/Applications/NetBeans/glassfish-4.1.1/javadb
os.name=Mac OS X
os.arch=x86_64
os.version=10.14.4
derby.system.home=/Users/nathancarr/NetBeansProjects/isd-movies/database
Database Class Loader started - derby.database.classpath=''
----------------------------------------------------------------
Fri Apr 19 18:56:28 AEST 2019:
Shutting down instance a816c00e-016a-34cf-a63d-000047d562cc on database directory /Users/nathancarr/NetBeansProjects/isd-movies/database/MovieDB with class loader sun.misc.Launcher$AppClassLoader@6f94fa3e 
Fri Apr 19 18:56:28 AEST 2019 Thread[DRDAConnThread_3,5,main] (DATABASE = MovieDB), (DRDAID = {2}), Database 'MovieDB' shutdown.
----------------------------------------------------------------
Fri Apr 19 18:58:27 AEST 2019:
Booting Derby version The Apache Software Foundation - Apache Derby - 10.10.2.0 - (1582446): instance 560740aa-016a-34cf-a63d-000047d562cc 
on database directory /Users/nathancarr/NetBeansProjects/isd-movies/database/MovieDB with class loader sun.misc.Launcher$AppClassLoader@6f94fa3e 
Loaded from file:/Applications/NetBeans/glassfish-4.1.1/javadb/lib/derby.jar
java.vendor=Oracle Corporation
java.runtime.version=1.8.0_171-b11
user.dir=/Applications/NetBeans/glassfish-4.1.1/javadb
os.name=Mac OS X
os.arch=x86_64
os.version=10.14.4
derby.system.home=/Users/nathancarr/NetBeansProjects/isd-movies/database
Database Class Loader started - derby.database.classpath=''
